2014/09/02 22:55:21 [error] [exception.CHttpException.404] exception 'CHttpException' with message 'The system is unable to find the requested action "page".' in C:\xampp\htdocs\yii\framework\web\CController.php:483
Stack trace:
#0 C:\xampp\htdocs\yii\framework\web\CController.php(270): CController->missingAction('page')
#1 C:\xampp\htdocs\yii\framework\web\CWebApplication.php(282): CController->run('page')
#2 C:\xampp\htdocs\yii\framework\web\CWebApplication.php(141): CWebApplication->runController('persona/page')
#3 C:\xampp\htdocs\yii\framework\base\CApplication.php(180): CWebApplication->processRequest()
#4 C:\xampp\htdocs\aprendiendo\index.php(13): CApplication->run()
#5 {main}
REQUEST_URI=/aprendiendo/index.php?r=persona/page&view=about
---
2014/09/02 22:55:28 [error] [exception.CHttpException.404] exception 'CHttpException' with message 'Unable to resolve the request "personas/page".' in C:\xampp\htdocs\yii\framework\web\CWebApplication.php:286
Stack trace:
#0 C:\xampp\htdocs\yii\framework\web\CWebApplication.php(141): CWebApplication->runController('personas/page')
#1 C:\xampp\htdocs\yii\framework\base\CApplication.php(180): CWebApplication->processRequest()
#2 C:\xampp\htdocs\aprendiendo\index.php(13): CApplication->run()
#3 {main}
REQUEST_URI=/aprendiendo/index.php?r=personas/page&view=about
---
2014/09/03 00:00:07 [error] [exception.CHttpException.404] exception 'CHttpException' with message 'Unable to resolve the request "estado/admin".' in C:\xampp\htdocs\yii\framework\web\CWebApplication.php:286
Stack trace:
#0 C:\xampp\htdocs\yii\framework\web\CWebApplication.php(141): CWebApplication->runController('estado/admin')
#1 C:\xampp\htdocs\yii\framework\base\CApplication.php(180): CWebApplication->processRequest()
#2 C:\xampp\htdocs\aprendiendo\index.php(13): CApplication->run()
#3 {main}
REQUEST_URI=/aprendiendo/index.php?r=estado/admin
HTTP_REFERER=http://localhost:8080/aprendiendo/index.php?r=site/index
---
2014/09/03 00:00:09 [error] [exception.CHttpException.404] exception 'CHttpException' with message 'Unable to resolve the request "estado/admin".' in C:\xampp\htdocs\yii\framework\web\CWebApplication.php:286
Stack trace:
#0 C:\xampp\htdocs\yii\framework\web\CWebApplication.php(141): CWebApplication->runController('estado/admin')
#1 C:\xampp\htdocs\yii\framework\base\CApplication.php(180): CWebApplication->processRequest()
#2 C:\xampp\htdocs\aprendiendo\index.php(13): CApplication->run()
#3 {main}
REQUEST_URI=/aprendiendo/index.php?r=estado/admin
HTTP_REFERER=http://localhost:8080/aprendiendo/index.php?r=estado/admin
---
2014/09/03 00:00:11 [error] [exception.CHttpException.404] exception 'CHttpException' with message 'Unable to resolve the request "estado/admin".' in C:\xampp\htdocs\yii\framework\web\CWebApplication.php:286
Stack trace:
#0 C:\xampp\htdocs\yii\framework\web\CWebApplication.php(141): CWebApplication->runController('estado/admin')
#1 C:\xampp\htdocs\yii\framework\base\CApplication.php(180): CWebApplication->processRequest()
#2 C:\xampp\htdocs\aprendiendo\index.php(13): CApplication->run()
#3 {main}
REQUEST_URI=/aprendiendo/index.php?r=estado/admin
HTTP_REFERER=http://localhost:8080/aprendiendo/index.php?r=estado/admin
---
2014/09/03 00:00:23 [error] [exception.CHttpException.404] exception 'CHttpException' with message 'Unable to resolve the request "estado/admin".' in C:\xampp\htdocs\yii\framework\web\CWebApplication.php:286
Stack trace:
#0 C:\xampp\htdocs\yii\framework\web\CWebApplication.php(141): CWebApplication->runController('estado/admin')
#1 C:\xampp\htdocs\yii\framework\base\CApplication.php(180): CWebApplication->processRequest()
#2 C:\xampp\htdocs\aprendiendo\index.php(13): CApplication->run()
#3 {main}
REQUEST_URI=/aprendiendo/index.php?r=estado/admin
HTTP_REFERER=http://localhost:8080/aprendiendo/index.php?r=estado/admin
---
2014/09/03 00:00:26 [error] [exception.CHttpException.404] exception 'CHttpException' with message 'Unable to resolve the request "estado/main".' in C:\xampp\htdocs\yii\framework\web\CWebApplication.php:286
Stack trace:
#0 C:\xampp\htdocs\yii\framework\web\CWebApplication.php(141): CWebApplication->runController('estado/main')
#1 C:\xampp\htdocs\yii\framework\base\CApplication.php(180): CWebApplication->processRequest()
#2 C:\xampp\htdocs\aprendiendo\index.php(13): CApplication->run()
#3 {main}
REQUEST_URI=/aprendiendo/index.php?r=estado/main
HTTP_REFERER=http://localhost:8080/aprendiendo/index.php?r=site/contact
---
2014/09/03 00:00:58 [error] [exception.CHttpException.404] exception 'CHttpException' with message 'Unable to resolve the request "estado/admin".' in C:\xampp\htdocs\yii\framework\web\CWebApplication.php:286
Stack trace:
#0 C:\xampp\htdocs\yii\framework\web\CWebApplication.php(141): CWebApplication->runController('estado/admin')
#1 C:\xampp\htdocs\yii\framework\base\CApplication.php(180): CWebApplication->processRequest()
#2 C:\xampp\htdocs\aprendiendo\index.php(13): CApplication->run()
#3 {main}
REQUEST_URI=/aprendiendo/index.php?r=estado/admin
HTTP_REFERER=http://localhost:8080/aprendiendo/index.php?r=estado/admin
---
